ISim log file
Running: D:\1. KOLEAH\Semester 2\Rangkaian Logika 2\Praktikum\bin2grey\binary2gray_isim_beh.exe -intstyle ise -gui -tclbatch isim.cmd -wdb D:/1. KOLEAH/Semester 2/Rangkaian Logika 2/Praktikum/bin2grey/binary2gray_isim_beh.wdb 
ISim P.58f (signature 0x7708f090)
This is a Full version of ISim.
Time resolution is 1 ps
# onerror resume
# wave add /
# run 1000 ns
Simulator is doing circuit initialization process.
Finished circuit initialization process.
INFO: There is another simulation running in the same directory. Using database file name isim1.wdb.
ISim P.58f (signature 0x7708f090)
This is a Full version of ISim.
Time resolution is 1 ps
# onerror resume
# wave add /
# run 1000 ns
Simulator is doing circuit initialization process.
Finished circuit initialization process.
# isim force add /binary2gray/data 1011 -radix bin
# isim force add /binary2gray/data 1011 -radix bin
# run 1.00us
